<?xml version="1.0" encoding="UTF-8"?>
<testng-results ignored="0" total="0" passed="0" failed="0" skipped="0">
  <reporter-output>
  </reporter-output>
  <suite started-at="2023-08-07T15:23:59 CDT" name="supportFiles.LoggerTest" finished-at="2023-08-07T15:23:59 CDT" duration-ms="17">
    <groups>
    </groups>
    <test started-at="2023-08-07T15:23:59 CDT" name="Command line test" finished-at="2023-08-07T15:23:59 CDT" duration-ms="17">
    </test> <!-- Command line test -->
  </suite> <!-- supportFiles.LoggerTest -->
</testng-results>
